
  EPA STORM WATER MANAGEMENT MODEL - VERSION 5.2 (Build 5.2.2)
  ------------------------------------------------------------

  Dihua	drainage	system 
  5yr24hr.	design	typhoon	rainfall 
  Dihua	drainage	system 
  WARNING 04: minimum elevation drop used for Conduit 3751-4.1
  WARNING 04: minimum elevation drop used for Conduit 3750-708.1
  WARNING 04: minimum elevation drop used for Conduit 3752-13.1
  WARNING 04: minimum elevation drop used for Conduit 744601.1
  WARNING 04: minimum elevation drop used for Conduit 754001.1
  WARNING 04: minimum elevation drop used for Conduit 754001.2
  WARNING 04: minimum elevation drop used for Conduit OutfG2.1
  
  *************
  Element Count
  *************
  Number of rain gages ...... 1
  Number of subcatchments ... 75
  Number of nodes ........... 98
  Number of links ........... 102
  Number of pollutants ...... 0
  Number of land uses ....... 0
  
  
  ****************
  Raingage Summary
  ****************
                                                      Data       Recording
  Name                 Data Source                    Type       Interval 
  ------------------------------------------------------------------------
  GAGE1                RainSeries1                    INTENSITY   60 min.
  
  
  ********************
  Subcatchment Summary
  ********************
  Name                       Area     Width   %Imperv    %Slope Rain Gage            Outlet              
  -----------------------------------------------------------------------------------------------------------
  2                          0.64    104.00     90.00    0.2000 GAGE1                Jul-52              
  5                          1.18    142.00     90.00    1.8000 GAGE1                Nov-52              
  6                          0.71    110.00     90.00    0.1000 GAGE1                3752-13             
  7                          0.67    106.00     90.00    1.9000 GAGE1                Jan-52              
  8                          1.07    135.00     90.00    0.9000 GAGE1                Feb-52              
  9                          1.12    138.00     90.00    0.9000 GAGE1                Apr-52              
  10                         0.92    125.00     90.00    1.6000 GAGE1                May-52              
  11                         8.02    369.00     70.00    0.1000 GAGE1                Oct-51              
  15                         3.33    238.00     80.00    0.1000 GAGE1                Sep-51              
  18                         0.58     99.00     90.00    0.8000 GAGE1                3751-720            
  19                         0.36     78.00     90.00    0.6000 GAGE1                3751-719            
  20                         0.23     62.00     90.00    0.7000 GAGE1                3751-718            
  26                         0.90    124.00     60.00    0.1000 GAGE1                3750-720            
  27                         0.68    108.00     60.00    0.1000 GAGE1                3750-721            
  28                         0.32     74.00     90.00    1.0000 GAGE1                3751-717            
  29                         0.22     61.00     90.00    0.1000 GAGE1                3751-716            
  30                         0.22     61.00     90.00    0.1000 GAGE1                3751-715            
  31                         0.37     80.00     90.00    0.7000 GAGE1                3751-714            
  32                         2.18    192.00     60.00    0.1000 GAGE1                Apr-51              
  33                         1.41    155.00     70.00    0.1000 GAGE1                Jan-51              
  36                         3.49    243.00     90.00    0.1000 GAGE1                May-50              
  37                         0.34     76.00     90.00    0.6000 GAGE1                3750-713            
  38                         1.04    133.00     90.00    0.1000 GAGE1                3850-707            
  41                         3.72    252.00     90.00    0.5000 GAGE1                3850-24             
  42                         0.96    128.00     80.00    0.2000 GAGE1                3850-23             
  43                         1.20    143.00     80.00    1.2000 GAGE1                3850-22             
  44                         1.51    160.00     90.00    0.1000 GAGE1                3850-21             
  45                         1.25    146.00     90.00    1.4000 GAGE1                Jul-50              
  46                         4.08    263.00     90.00    0.1000 GAGE1                Apr-50              
  47                         0.13     48.00     90.00    0.8000 GAGE1                Jun-50              
  48                         1.71    171.00     90.00    0.6000 GAGE1                3850-701            
  49                         3.10    229.00     90.00    0.3000 GAGE1                3850-501            
  50                         0.55     96.00     80.00    0.1000 GAGE1                3850-702            
  51                         1.61    166.00     90.00    0.1000 GAGE1                3850-518            
  52                         0.82    118.00     80.00    0.1000 GAGE1                3850-703            
  53                         1.43    156.00     90.00    0.4000 GAGE1                3750-701            
  54                         0.48     90.00     90.00    3.0000 GAGE1                3750-702            
  55                         0.59    100.00     90.00    0.1000 GAGE1                3850-517            
  56                         0.86    121.00     90.00    0.1000 GAGE1                Feb-50              
  57                         2.85    220.00     90.00    0.1000 GAGE1                Jan-50              
  60                         3.90    258.00     70.00    0.1000 GAGE1                3849-707            
  61                         0.61    102.00     70.00    0.1000 GAGE1                3849-708            
  62                         0.92    125.00     70.00    0.1000 GAGE1                3749-707            
  63                         0.85    120.00     90.00    0.2000 GAGE1                May-49              
  64                         1.04    133.00     90.00    0.4000 GAGE1                3749-708            
  65                         2.87    221.00     80.00    0.1000 GAGE1                Apr-49              
  67                         1.19    142.00     90.00    0.5000 GAGE1                3749-704            
  68                         2.62    211.00     90.00    0.1000 GAGE1                3749-702            
  69                         0.19     57.00     90.00    0.2000 GAGE1                3749-705            
  70                         0.58     99.00     90.00    0.1000 GAGE1                3749-706            
  71                         0.18     56.00     90.00    0.2000 GAGE1                3750-707            
  72                         0.27     68.00     90.00    1.8000 GAGE1                3749-709            
  73                         0.18     56.00     90.00    0.3000 GAGE1                3750-708            
  74                         0.46     89.00     90.00    0.1000 GAGE1                3750-704            
  75                         0.47     89.00     90.00    0.1000 GAGE1                3750-709            
  76                         0.15     51.00     90.00    0.1000 GAGE1                3750-711            
  77                         0.12     45.00     90.00    0.2000 GAGE1                3750-712            
  92                        27.09    679.00     90.00    0.4000 GAGE1                Aug-52              
  93                         6.63    336.00     90.00    0.8000 GAGE1                Jun-52              
  97                         8.45    379.00     90.00    2.3000 GAGE1                Sep-52              
  102                       13.70    483.00     80.00    0.9000 GAGE1                MH00744601          
  105                        0.19     57.00     90.00    0.7000 GAGE1                3851-502            
  106                        0.30     72.00     90.00    0.9000 GAGE1                3851-503            
  112                        1.77    174.00     90.00    0.4000 GAGE1                3850-706            
  114                        4.13    265.00     90.00    1.9000 GAGE1                3850-704            
  115                        0.95    127.00     90.00    0.4000 GAGE1                3749-701            
  117                        3.18    232.00     90.00    0.4000 GAGE1                Mar-49              
  118                        3.65    249.00     70.00    0.3000 GAGE1                3849-705            
  127                        1.92    181.00     90.00    0.1000 GAGE1                3851-501            
  128                        2.45    204.00     60.00    0.1000 GAGE1                Aug-51              
  129                        1.46    157.00     60.00    0.1000 GAGE1                Jun-51              
  130                        3.84    256.00     60.00    0.1000 GAGE1                Jul-51              
  131                        0.75    113.00     60.00    0.1000 GAGE1                Mar-51              
  132                        1.04    133.00     60.00    0.1000 GAGE1                Feb-51              
  133                        6.82    340.00     90.00    0.1000 GAGE1                MH00749101          
  
  
  ************
  Node Summary
  ************
                                           Invert      Max.    Ponded    External
  Name                 Type                 Elev.     Depth      Area    Inflow  
  -------------------------------------------------------------------------------
  Mar-49               JUNCTION              0.32      2.80       0.0
  Apr-49               JUNCTION              0.00      2.65       0.0
  May-49               JUNCTION             -0.23      2.70       0.0
  3749-701             JUNCTION              0.77      2.35       0.0
  3749-702             JUNCTION              0.72      1.90       0.0
  3749-703             JUNCTION              0.40      2.19       0.0
  3749-704             JUNCTION              0.51      2.30       0.0
  3749-705             JUNCTION              0.05      2.80       0.0
  3749-706             JUNCTION              0.19      2.50       0.0
  3749-707             JUNCTION              0.43      2.25       0.0
  3749-708             JUNCTION              0.22      2.45       0.0
  3749-708a            JUNCTION             -0.14      2.78       0.0
  3749-709             JUNCTION              0.15      2.35       0.0
  Jan-50               JUNCTION             -0.42      2.70       0.0
  Feb-50               JUNCTION             -0.65      2.93       0.0
  Mar-50               JUNCTION             -0.97      3.17       0.0
  Apr-50               JUNCTION             -1.26      2.85       0.0
  May-50               JUNCTION             -1.21      2.83       0.0
  Jun-50               JUNCTION             -1.12      3.45       0.0
  Jul-50               JUNCTION             -0.91      2.30       0.0
  3750-701             JUNCTION             -0.55      2.45       0.0
  3750-702             JUNCTION             -0.62      2.32       0.0
  3750-704             JUNCTION             -0.32      2.86       0.0
  3750-707             JUNCTION              0.06      2.50       0.0
  3750-708             JUNCTION             -0.59      3.00       0.0
  3750-709             JUNCTION             -0.59      3.15       0.0
  3750-710             JUNCTION             -0.69      3.25       0.0
  3750-711             JUNCTION             -0.60      3.00       0.0
  3750-712             JUNCTION             -0.52      2.85       0.0
  3750-713             JUNCTION             -0.95      3.05       0.0
  3750-719             JUNCTION             -0.71      2.27       0.0
  3750-720             JUNCTION             -1.31      2.95       0.0
  3750-721             JUNCTION             -1.02      2.75       0.0
  Jan-51               JUNCTION             -1.18      2.80       0.0
  Feb-51               JUNCTION             -1.19      2.79       0.0
  Mar-51               JUNCTION             -1.17      2.82       0.0
  Apr-51               JUNCTION             -0.98      2.65       0.0
  May-51               JUNCTION             -0.98      2.61       0.0
  Jun-51               JUNCTION             -0.97      2.60       0.0
  Jul-51               JUNCTION             -1.18      2.80       0.0
  3751-714             JUNCTION             -1.45      4.01       0.0
  3751-715             JUNCTION             -0.96      3.95       0.0
  3751-716             JUNCTION             -1.02      4.05       0.0
  3751-717             JUNCTION             -0.90      3.90       0.0
  3751-718             JUNCTION             -1.14      4.80       0.0
  3751-719             JUNCTION             -1.11      4.31       0.0
  3751-720             JUNCTION             -1.23      4.10       0.0
  3751-721             JUNCTION             -1.28      4.12       0.0
  Jan-52               JUNCTION              0.36      2.80       0.0
  Oct-52               JUNCTION             -1.01      4.61       0.0
  Nov-52               JUNCTION             -1.09      4.69       0.0
  Dec-52               JUNCTION             -1.34      5.84       0.0
  3752-13              JUNCTION             -1.50      6.00       0.0
  Feb-52               JUNCTION              0.54      3.05       0.0
  Mar-52               JUNCTION              0.45      2.95       0.0
  Apr-52               JUNCTION              0.52      2.70       0.0
  May-52               JUNCTION              0.69      2.00       0.0
  Jun-52               JUNCTION             -0.30      2.90       0.0
  Jul-52               JUNCTION             -0.09      2.60       0.0
  Aug-52               JUNCTION              0.18      2.21       0.0
  Sep-52               JUNCTION             -0.67      2.67       0.0
  3849-503             JUNCTION              1.70      1.35       0.0
  3849-705             JUNCTION              1.11      2.00       0.0
  3849-706             JUNCTION              0.83      2.13       0.0
  3849-707             JUNCTION              0.72      2.04       0.0
  3849-708             JUNCTION              0.58      2.15       0.0
  3850-21              JUNCTION             -0.67      1.95       0.0
  3850-22              JUNCTION             -0.51      2.30       0.0
  3850-23              JUNCTION             -0.15      2.11       0.0
  3850-24              JUNCTION              0.01      1.77       0.0
  3850-501             JUNCTION              0.31      1.64       0.0
  3850-502             JUNCTION              0.20      1.62       0.0
  3850-517             JUNCTION              0.02      1.81       0.0
  3850-518             JUNCTION              0.09      1.65       0.0
  3850-701             JUNCTION              0.02      2.20       0.0
  3850-702             JUNCTION             -0.59      2.55       0.0
  3850-703             JUNCTION             -0.57      2.57       0.0
  3850-704             JUNCTION             -0.57      2.78       0.0
  3850-705             JUNCTION             -0.44      2.40       0.0
  3850-706             JUNCTION             -0.45      2.28       0.0
  3850-707             JUNCTION             -0.81      2.33       0.0
  Oct-51               JUNCTION             -1.07      2.65       0.0
  Nov-51               JUNCTION             -1.04      2.60       0.0
  3851-501             JUNCTION              0.50      1.60       0.0
  3851-502             JUNCTION              0.01      2.09       0.0
  3851-503             JUNCTION             -0.07      1.83       0.0
  3851-503a            JUNCTION             -1.11      2.71       0.0
  Aug-51               JUNCTION             -0.97      2.60       0.0
  Sep-51               JUNCTION             -1.15      2.75       0.0
  DihuaPS              JUNCTION              1.73      4.28       0.0
  MH00744601           JUNCTION             -1.50      4.72       0.0
  MH00749101           JUNCTION             -0.10      2.31       0.0
  MH00754001           JUNCTION             -1.50      6.00       0.0
  OutfG1               JUNCTION             -1.02      3.02       0.0
  OutfG2               JUNCTION             -1.50      3.50       0.0
  OutfG3               JUNCTION             -1.50      4.50       0.0
  OutfP                OUTFALL               1.73      3.30       0.0
  POND                 STORAGE              -3.70      6.00       0.0
  
  
  ************
  Link Summary
  ************
  Name             From Node        To Node          Type            Length    %Slope Roughness
  ---------------------------------------------------------------------------------------------
  3851-9.1         Sep-51           3851-503a        CONDUIT           13.0   -0.3077    0.0150
  3751-4.1         Apr-51           May-51           CONDUIT           42.0    0.0007    0.0150
  3751-3.1         Mar-51           Apr-51           CONDUIT           58.0   -0.3276    0.0150
  3751-1.1         Jan-51           Mar-51           CONDUIT           41.0   -0.0244    0.0150
  3750-4.1         Apr-50           May-50           CONDUIT          141.0   -0.0355    0.0150
  3750-6.1         Jun-50           Apr-50           CONDUIT           96.0    0.1458    0.0150
  3750-2.1         Feb-50           Mar-50           CONDUIT          106.0    0.3019    0.0150
  3750-1.1         Jan-50           Feb-50           CONDUIT          125.0    0.1840    0.0150
  3752-8.1         Aug-52           Jul-52           CONDUIT           30.0    0.9000    0.0150
  3752-6.1         Jun-52           Sep-52           CONDUIT           77.0    0.4805    0.0150
  3752-3.1         Mar-52           Feb-52           CONDUIT           40.0   -0.6000    0.0150
  3752-4.1         Apr-52           Mar-52           CONDUIT           19.0    0.3684    0.0150
  3752-5.1         May-52           Apr-52           CONDUIT           33.0    0.5152    0.0150
  3751-6.1         Jun-51           Jul-51           CONDUIT           64.0    0.3281    0.0150
  3751-5.1         May-51           Jun-51           CONDUIT           40.0   -0.0250    0.0150
  3750-3.1         Mar-50           Jun-50           CONDUIT           48.0    0.3125    0.0150
  3750-7.1         Jul-50           Jun-50           CONDUIT           69.0    0.3043    0.0150
  3750-707.1       3750-707         3750-708         CONDUIT           95.0    0.3684    0.0150
  3750-708.1       3750-708         3750-709         CONDUIT           51.0    0.0006    0.0150
  3750-709.1       3750-709         3750-710         CONDUIT          110.0    0.2273    0.0150
  3750-710.1       3750-710         3750-711         CONDUIT           67.0    0.1642    0.0150
  3750-711.1       3750-711         3750-712         CONDUIT           61.0   -0.1311    0.0150
  3750-712.1       3750-712         3750-713         CONDUIT          148.0    0.2568    0.0150
  3750-721.1       3750-721         3750-720         CONDUIT           61.0    0.2295    0.0150
  3750-720.1       3750-720         May-50           CONDUIT           69.0   -0.1449    0.0150
  3750-704.1       3750-704         3750-709         CONDUIT           88.0   -0.2045    0.0150
  3750-701.1       3750-701         3750-702         CONDUIT           50.0    0.1400    0.0150
  3751-714.1       3751-714         3751-715         CONDUIT           61.0   -0.8033    0.0150
  3751-715.1       3751-715         3751-716         CONDUIT           56.0    0.1071    0.0150
  3751-716.1       3751-716         3751-717         CONDUIT           73.0   -0.1644    0.0150
  3751-717.1       3751-717         3751-718         CONDUIT           68.0    0.3529    0.0150
  3751-718.1       3751-718         3751-719         CONDUIT           67.0    0.0299    0.0150
  3751-719.1       3751-719         3751-720         CONDUIT           56.0   -0.7679    0.0150
  3751-720.1       3751-720         3751-721         CONDUIT            4.0   -3.0014    0.0150
  3751-721.1       3751-721         MH00744601       CONDUIT          110.0    0.2000    0.0150
  3749-3.1         Mar-49           Apr-49           CONDUIT          134.0    0.2388    0.0150
  3749-4.1         Apr-49           3749-708a        CONDUIT           94.0    0.1489    0.0150
  3749-5.1         May-49           Jan-50           CONDUIT          120.0    0.1583    0.0150
  3749-701.1       3749-701         3749-705         CONDUIT           72.0    0.5833    0.0150
  3749-702.1       3749-702         3749-703         CONDUIT           40.0    0.8000    0.0150
  3749-703.1       3749-703         3749-704         CONDUIT           55.0   -0.1273    0.0150
  3749-704.1       3749-704         3749-709         CONDUIT           58.0    0.6207    0.0150
  3749-705.1       3749-705         3749-706         CONDUIT           71.0   -0.1972    0.0150
  3749-706.1       3749-706         3750-707         CONDUIT           91.0    0.6374    0.0150
  3749-707.1       3749-707         3749-708         CONDUIT           52.0    0.5962    0.0150
  3750-5.1         May-50           Feb-51           CONDUIT           83.0   -0.0241    0.0150
  3850-704.1       3850-704         3850-705         CONDUIT           13.0   -1.3078    0.0150
  3850-705.1       3850-705         3850-706         CONDUIT           89.0    0.0112    0.0150
  3850-706.1       3850-706         3850-707         CONDUIT           72.0    0.6111    0.0150
  3750-713.1       3750-713         3751-714         CONDUIT          100.0    0.5000    0.0150
  3751-7.1         Jul-51           Aug-51           CONDUIT           34.0   -0.6177    0.0150
  3752-9.1         Sep-52           Oct-52           CONDUIT           70.0    0.4857    0.0150
  3752-10.1        Oct-52           Nov-52           CONDUIT           17.0    0.4706    0.0150
  3752-11.1        Nov-52           Dec-52           CONDUIT           51.0    0.4902    0.0150
  3752-12.1        Dec-52           3752-13          CONDUIT           34.0    0.4706    0.0150
  3752-7.1         Jul-52           Jun-52           CONDUIT           44.0    0.4773    0.0150
  3849-705.1       3849-705         3849-706         CONDUIT           44.0    0.4546    0.0150
  3849-706.1       3849-706         3849-707         CONDUIT           53.0    0.2075    0.0150
  3849-707.1       3849-707         3849-708         CONDUIT           41.0    0.3415    0.0150
  3849-708.1       3849-708         3749-707         CONDUIT           53.0    0.2830    0.0150
  3850-22.1        3850-22          3850-21          CONDUIT           43.0    0.3721    0.0150
  3850-23.1        3850-23          3850-22          CONDUIT           94.0    0.3830    0.0150
  3850-24.1        3850-24          3850-23          CONDUIT           38.0    0.4211    0.0150
  3850-701.1       3850-701         3850-702         CONDUIT           41.0    1.4880    0.0150
  3850-702.1       3850-702         3850-703         CONDUIT           83.0   -0.0241    0.0150
  3850-703.1       3850-703         3750-701         CONDUIT           79.0   -0.0253    0.0150
  3850-707.1       3850-707         3750-719         CONDUIT           77.0    0.0519    0.0150
  3851-10.1        Oct-51           Nov-51           CONDUIT           19.0   -0.1579    0.0150
  3851-8.1         Aug-51           Sep-51           CONDUIT           53.0    0.3396    0.0150
  3751-2.1         Feb-51           Jan-51           CONDUIT           47.0   -0.0213    0.0150
  3752-2.1         Feb-52           Jan-52           CONDUIT           46.0    0.3913    0.0150
  3851-501.1       3851-501         3851-502         CONDUIT           66.0    0.7424    0.0150
  3850-518.1       3850-518         3850-517         CONDUIT           63.0    0.0952    0.0150
  3850-502.1       3850-502         3850-518         CONDUIT           23.0    0.3913    0.0150
  3850-501.1       3850-501         3850-502         CONDUIT           40.0    0.2750    0.0150
  3849-503.1       3849-503         3849-705         CONDUIT           61.0    0.4754    0.0150
  3851-502.1       3851-502         3851-503         CONDUIT           48.0    0.1667    0.0150
  3851-503a.1      3851-503a        Oct-51           CONDUIT           40.0   -0.1000    0.0150
  3851-503.1       3851-503         3851-503a        CONDUIT           17.0    0.1765    0.0150
  3750-719.1       3750-719         May-50           CONDUIT           13.0    3.8490    0.0150
  3850-21.1        3850-21          Jul-50           CONDUIT           83.0    0.2892    0.0150
  3850-517.1       3850-517         3750-701         CONDUIT           78.0    0.7308    0.0150
  3750-702.1       3750-702         Feb-50           CONDUIT           20.0    0.1500    0.0150
  3749-708a.1      3749-708a        May-49           CONDUIT           59.0    0.1525    0.0150
  3749-708.1       3749-708         3749-708a        CONDUIT            7.0    1.7145    0.0150
  3749-709.1       3749-709         3749-708a        CONDUIT            8.0    0.6250    0.0150
  3750-713.2       3750-713         3750-721         CONDUIT           62.0    0.1935    0.0150
  DihuaPS.1        DihuaPS          OutfP            CONDUIT           68.0    0.0074    0.0150
  3752-13.1        3752-13          MH00754001       CONDUIT            9.0    0.0034    0.0150
  3752-1.1         Jan-52           MH00754001       CONDUIT           70.0    0.5000    0.0150
  3851-11.1        Nov-51           OutfG1           CONDUIT          237.0   -0.0084    0.0150
  744601.1         MH00744601       OutfG2           CONDUIT          129.0    0.0002    0.0150
  754001.1         MH00754001       POND             CONDUIT            6.0    0.0051    0.0150
  754001.2         MH00754001       OutfG3           CONDUIT           10.0    0.0030    0.0150
  OutfG2.1         OutfG2           MH00754001       CONDUIT          221.0    0.0001    0.0150
  OutfG1.1         OutfG1           OutfG2           CONDUIT          255.0    0.1882    0.0150
  3850-705.2       3850-705         3850-706         CONDUIT           98.0    0.0102    0.0150
  3850-706.2       3850-706         3850-707         CONDUIT           71.0    0.6197    0.0150
  3850-707.2       3850-707         3750-719         CONDUIT           77.0    0.0519    0.0150
  3750-719.2       3750-719         May-50           CONDUIT           19.0    2.6325    0.0150
  749101.1         MH00749101       3851-503a        CONDUIT          552.0    0.1141    0.0150
  PUMP1@POND-DihuaPS POND             DihuaPS          TYPE3 PUMP  
  
  
  *********************
  Cross Section Summary
  *********************
                                        Full     Full     Hyd.     Max.   No. of     Full
  Conduit          Shape               Depth     Area     Rad.    Width  Barrels     Flow
  ---------------------------------------------------------------------------------------
  3851-9.1         RECT_CLOSED          2.00     6.00     0.60     3.00        1    15.79
  3751-4.1         RECT_CLOSED          2.00     6.00     0.60     3.00        1     0.77
  3751-3.1         RECT_CLOSED          2.00     6.00     0.60     3.00        1    16.29
  3751-1.1         RECT_CLOSED          2.00     6.00     0.60     3.00        1     4.44
  3750-4.1         RECT_CLOSED          2.00     5.40     0.57     2.70        1     4.69
  3750-6.1         RECT_CLOSED          2.00     5.40     0.57     2.70        1     9.50
  3750-2.1         RECT_CLOSED          2.00     5.40     0.57     2.70        1    13.67
  3750-1.1         RECT_CLOSED          2.00     4.00     0.50     2.00        1     7.21
  3752-8.1         RECT_CLOSED          1.50     6.00     0.55     4.00        1    25.34
  3752-6.1         RECT_CLOSED          1.50     6.00     0.55     4.00        1    18.51
  3752-3.1         CIRCULAR             1.20     1.13     0.30     1.20        1     2.62
  3752-4.1         CIRCULAR             1.20     1.13     0.30     1.20        1     2.05
  3752-5.1         CIRCULAR             1.20     1.13     0.30     1.20        1     2.43
  3751-6.1         RECT_CLOSED          2.00     6.00     0.60     3.00        1    16.30
  3751-5.1         RECT_CLOSED          2.00     6.00     0.60     3.00        1     4.50
  3750-3.1         RECT_CLOSED          2.00     5.40     0.57     2.70        1    13.91
  3750-7.1         CIRCULAR             1.50     1.77     0.38     1.50        1     3.38
  3750-707.1       CIRCULAR             1.35     1.43     0.34     1.35        1     2.81
  3750-708.1       CIRCULAR             1.50     1.77     0.38     1.50        1     0.15
  3750-709.1       CIRCULAR             1.50     1.77     0.38     1.50        1     2.92
  3750-710.1       CIRCULAR             1.50     1.77     0.38     1.50        1     2.48
  3750-711.1       CIRCULAR             1.50     1.77     0.38     1.50        1     2.22
  3750-712.1       CIRCULAR             1.65     2.14     0.41     1.65        1     4.00
  3750-721.1       CIRCULAR             1.65     2.14     0.41     1.65        1     3.78
  3750-720.1       CIRCULAR             1.65     2.14     0.41     1.65        1     3.01
  3750-704.1       CIRCULAR             1.20     1.13     0.30     1.20        1     1.53
  3750-701.1       RECT_CLOSED          1.50     2.55     0.40     1.70        1     3.44
  3751-714.1       CIRCULAR             2.00     3.14     0.50     2.00        1    11.83
  3751-715.1       CIRCULAR             2.00     3.14     0.50     2.00        1     4.32
  3751-716.1       CIRCULAR             2.00     3.14     0.50     2.00        1     5.35
  3751-717.1       CIRCULAR             2.00     3.14     0.50     2.00        1     7.84
  3751-718.1       CIRCULAR             2.00     3.14     0.50     2.00        1     2.28
  3751-719.1       CIRCULAR             2.00     3.14     0.50     2.00        1    11.56
  3751-720.1       CIRCULAR             2.00     3.14     0.50     2.00        1    22.86
  3751-721.1       CIRCULAR             2.00     3.14     0.50     2.00        1     5.90
  3749-3.1         RECT_CLOSED          1.90     3.80     0.49     2.00        1     7.67
  3749-4.1         RECT_CLOSED          1.90     3.80     0.49     2.00        1     6.05
  3749-5.1         RECT_CLOSED          1.90     3.80     0.49     2.00        1     6.24
  3749-701.1       CIRCULAR             1.20     1.13     0.30     1.20        1     2.58
  3749-702.1       CIRCULAR             1.20     1.13     0.30     1.20        1     3.02
  3749-703.1       CIRCULAR             1.20     1.13     0.30     1.20        1     1.21
  3749-704.1       CIRCULAR             1.20     1.13     0.30     1.20        1     2.66
  3749-705.1       CIRCULAR             1.20     1.13     0.30     1.20        1     1.50
  3749-706.1       CIRCULAR             1.20     1.13     0.30     1.20        1     2.70
  3749-707.1       CIRCULAR             1.20     1.13     0.30     1.20        1     2.61
  3750-5.1         RECT_CLOSED          2.00     6.00     0.60     3.00        1     4.42
  3850-704.1       CIRCULAR             1.50     1.77     0.38     1.50        1     7.01
  3850-705.1       CIRCULAR             1.50     1.77     0.38     1.50        1     0.65
  3850-706.1       CIRCULAR             1.50     1.77     0.38     1.50        1     4.79
  3750-713.1       CIRCULAR             1.65     2.14     0.41     1.65        1     5.59
  3751-7.1         RECT_CLOSED          2.00     6.00     0.60     3.00        1    22.37
  3752-9.1         RECT_CLOSED          1.50     6.00     0.55     4.00        1    18.61
  3752-10.1        RECT_CLOSED          1.50     6.00     0.55     4.00        1    18.32
  3752-11.1        RECT_CLOSED          1.50     6.00     0.55     4.00        1    18.70
  3752-12.1        RECT_CLOSED          1.50     6.00     0.55     4.00        1    18.32
  3752-7.1         RECT_CLOSED          1.50     6.00     0.55     4.00        1    18.45
  3849-705.1       CIRCULAR             1.20     1.13     0.30     1.20        1     2.28
  3849-706.1       CIRCULAR             1.20     1.13     0.30     1.20        1     1.54
  3849-707.1       CIRCULAR             1.20     1.13     0.30     1.20        1     1.97
  3849-708.1       CIRCULAR             1.20     1.13     0.30     1.20        1     1.80
  3850-22.1        CIRCULAR             1.35     1.43     0.34     1.35        1     2.82
  3850-23.1        CIRCULAR             1.35     1.43     0.34     1.35        1     2.86
  3850-24.1        CIRCULAR             1.35     1.43     0.34     1.35        1     3.00
  3850-701.1       RECT_CLOSED          2.00     4.26     0.52     2.13        1    22.28
  3850-702.1       RECT_CLOSED          1.50     2.62     0.40     1.75        1     1.48
  3850-703.1       RECT_CLOSED          1.50     2.62     0.40     1.75        1     1.52
  3850-707.1       CIRCULAR             1.35     1.43     0.34     1.35        1     1.05
  3851-10.1        RECT_CLOSED          2.00     6.00     0.60     3.00        1    11.31
  3851-8.1         RECT_CLOSED          2.00     6.00     0.60     3.00        1    16.59
  3751-2.1         RECT_CLOSED          2.00     6.00     0.60     3.00        1     4.15
  3752-2.1         CIRCULAR             1.20     1.13     0.30     1.20        1     2.11
  3851-501.1       CIRCULAR             0.60     0.28     0.15     0.60        1     0.46
  3850-518.1       CIRCULAR             0.90     0.64     0.23     0.90        1     0.48
  3850-502.1       CIRCULAR             0.90     0.64     0.23     0.90        1     0.98
  3850-501.1       CIRCULAR             0.90     0.64     0.23     0.90        1     0.82
  3849-503.1       CIRCULAR             1.00     0.79     0.25     1.00        1     1.43
  3851-502.1       CIRCULAR             0.60     0.28     0.15     0.60        1     0.22
  3851-503a.1      RECT_CLOSED          2.00     6.00     0.60     3.00        1     9.00
  3851-503.1       CIRCULAR             0.60     0.28     0.15     0.60        1     0.22
  3750-719.1       CIRCULAR             1.35     1.43     0.34     1.35        1     9.08
  3850-21.1        CIRCULAR             1.35     1.43     0.34     1.35        1     2.49
  3850-517.1       CIRCULAR             0.90     0.64     0.23     0.90        1     1.34
  3750-702.1       RECT_CLOSED          1.50     2.55     0.40     1.70        1     3.57
  3749-708a.1      RECT_CLOSED          1.90     3.80     0.49     2.00        1     6.13
  3749-708.1       CIRCULAR             1.20     1.13     0.30     1.20        1     4.43
  3749-709.1       CIRCULAR             1.20     1.13     0.30     1.20        1     2.67
  3750-713.2       CIRCULAR             1.65     2.14     0.41     1.65        1     3.48
  DihuaPS.1        CIRCULAR             3.30     8.55     0.82     3.30        1     4.30
  3752-13.1        RECT_CLOSED          1.50     6.00     0.55     4.00        1     1.55
  3752-1.1         CIRCULAR             1.20     1.13     0.30     1.20        1     2.39
  3851-11.1        RECT_CLOSED          2.00     6.00     0.60     3.00        1     2.61
  744601.1         CIRCULAR             2.00     3.14     0.50     2.00        1     0.20
  754001.1         RECT_CLOSED          1.50     6.00     0.55     4.00        1     1.90
  754001.2         CIRCULAR             3.01     7.12     0.75     3.01        1     2.17
  OutfG2.1         CIRCULAR             3.40     9.08     0.85     3.40        1     0.64
  OutfG1.1         RECT_CLOSED          2.00     6.00     0.60     3.00        1    12.35
  3850-705.2       RECT_CLOSED          1.50     1.50     0.30     1.00        1     0.45
  3850-706.2       RECT_CLOSED          1.50     1.50     0.30     1.00        1     3.53
  3850-707.2       RECT_CLOSED          1.50     1.50     0.30     1.00        1     1.02
  3750-719.2       RECT_CLOSED          1.50     1.50     0.30     1.00        1     7.27
  749101.1         RECT_CLOSED          1.50     2.25     0.38     1.50        1     2.64
  
  
  ****************
  Analysis Options
  ****************
  Flow Units ............... CMS
  Process Models:
    Rainfall/Runoff ........ YES
    RDII ................... NO
    Snowmelt ............... NO
    Groundwater ............ NO
    Flow Routing ........... YES
    Ponding Allowed ........ NO
    Water Quality .......... NO
  Infiltration Method ...... HORTON
  Flow Routing Method ...... DYNWAVE
  Surcharge Method ......... EXTRAN
  Starting Date ............ 10/27/2003 00:00:00
  Ending Date .............. 10/28/2003 00:00:00
  Antecedent Dry Days ...... 0.0
  Report Time Step ......... 01:00:00
  Wet Time Step ............ 00:01:00
  Dry Time Step ............ 00:01:00
  Routing Time Step ........ 10.00 sec
  Variable Time St